<?xml version="1.0" encoding="UTF-8"?>
<testng-results skipped="0" failed="0" total="1" passed="1">
  <reporter-output>
  </reporter-output>
  <suite name="Command line suite" duration-ms="56" started-at="2017-06-15T05:50:18Z" finished-at="2017-06-15T05:50:18Z">
    <groups>
    </groups>
    <test name="Command line test" duration-ms="56" started-at="2017-06-15T05:50:18Z" finished-at="2017-06-15T05:50:18Z">
      <class name="IOSWeb.IOSWeb.AppTest">
        <test-method status="PASS" signature="testApp()[pri:0, instance:testApp(IOSWeb.IOSWeb.AppTest)]" name="testApp" duration-ms="1" started-at="2017-06-15T11:20:18Z" finished-at="2017-06-15T11:20:18Z">
          <reporter-output>
          </reporter-output>
        </test-method> <!-- testApp -->
      </class> <!-- IOSWeb.IOSWeb.AppTest -->
    </test> <!-- Command line test -->
  </suite> <!-- Command line suite -->
</testng-results>
